D, [2015-10-09T10:30:42.533796 #385] DEBUG -- :   [1m[36m (0.1ms)[0m  [1mbegin transaction[0m
D, [2015-10-09T10:30:42.571308 #385] DEBUG -- :   [1m[35mSql::User Exists (2.5ms)[0m  SELECT  1 AS one FROM "users" WHERE "users"."name" = 'Guest' LIMIT 1
D, [2015-10-09T10:30:42.608768 #385] DEBUG -- :   [1m[36m (0.1ms)[0m  [1mrollback transaction[0m
D, [2015-10-09T10:30:42.610633 #385] DEBUG -- :   [1m[35mSql::User Exists (0.2ms)[0m  SELECT  1 AS one FROM "users" WHERE "users"."name" = 'Guest' LIMIT 1
D, [2015-10-09T10:57:37.146418 #385] DEBUG -- :   [1m[36mSql::User Load (2.6ms)[0m  [1mSELECT  "users".* FROM "users" WHERE "users"."name" = ? LIMIT 1[0m  [["name", "Guest"]]
D, [2015-10-09T10:57:37.179532 #385] DEBUG -- :   [1m[35m (0.0ms)[0m  begin transaction
D, [2015-10-09T10:57:37.197845 #385] DEBUG -- :   [1m[36mSQL (2.7ms)[0m  [1mINSERT INTO "chorales" ("name", "key", "user_id") VALUES (?, ?, ?)[0m  [["name", "Name me"], ["key", "sharp 0"], ["user_id", 1]]
D, [2015-10-09T10:57:37.201724 #385] DEBUG -- :   [1m[35m (3.3ms)[0m  commit transaction
D, [2015-10-09T10:57:37.204274 #385] DEBUG -- :   [1m[36m (0.0ms)[0m  [1mbegin transaction[0m
D, [2015-10-09T10:57:37.209928 #385] DEBUG -- :   [1m[35mSQL (0.3ms)[0m  INSERT INTO "melodies" ("voice", "line", "chorale_id") VALUES (?, ?, ?)  [["voice", "bass"], ["line", "C3,B2,E3,A2,D3"], ["chorale_id", 6]]
D, [2015-10-09T10:57:37.212835 #385] DEBUG -- :   [1m[36m (2.5ms)[0m  [1mcommit transaction[0m
D, [2015-10-09T10:57:37.214464 #385] DEBUG -- :   [1m[35m (0.0ms)[0m  begin transaction
D, [2015-10-09T10:57:37.219713 #385] DEBUG -- :   [1m[36mSQL (0.5ms)[0m  [1mINSERT INTO "notes" ("name", "melody_id") VALUES (?, ?)[0m  [["name", "C3"], ["melody_id", 21]]
D, [2015-10-09T10:57:37.222550 #385] DEBUG -- :   [1m[35m (2.5ms)[0m  commit transaction
D, [2015-10-09T10:57:37.222867 #385] DEBUG -- :   [1m[36m (0.1ms)[0m  [1mbegin transaction[0m
D, [2015-10-09T10:57:37.224151 #385] DEBUG -- :   [1m[35mSQL (0.2ms)[0m  INSERT INTO "notes" ("name", "melody_id") VALUES (?, ?)  [["name", "B2"], ["melody_id", 21]]
D, [2015-10-09T10:57:37.227300 #385] DEBUG -- :   [1m[36m (2.8ms)[0m  [1mcommit transaction[0m
D, [2015-10-09T10:57:37.227611 #385] DEBUG -- :   [1m[35m (0.1ms)[0m  begin transaction
D, [2015-10-09T10:57:37.228700 #385] DEBUG -- :   [1m[36mSQL (0.2ms)[0m  [1mINSERT INTO "notes" ("name", "melody_id") VALUES (?, ?)[0m  [["name", "E3"], ["melody_id", 21]]
D, [2015-10-09T10:57:37.231525 #385] DEBUG -- :   [1m[35m (2.5ms)[0m  commit transaction
D, [2015-10-09T10:57:37.231829 #385] DEBUG -- :   [1m[36m (0.1ms)[0m  [1mbegin transaction[0m
D, [2015-10-09T10:57:37.233247 #385] DEBUG -- :   [1m[35mSQL (0.2ms)[0m  INSERT INTO "notes" ("name", "melody_id") VALUES (?, ?)  [["name", "A2"], ["melody_id", 21]]
D, [2015-10-09T10:57:37.236292 #385] DEBUG -- :   [1m[36m (2.7ms)[0m  [1mcommit transaction[0m
D, [2015-10-09T10:57:37.236593 #385] DEBUG -- :   [1m[35m (0.1ms)[0m  begin transaction
D, [2015-10-09T10:57:37.237853 #385] DEBUG -- :   [1m[36mSQL (0.2ms)[0m  [1mINSERT INTO "notes" ("name", "melody_id") VALUES (?, ?)[0m  [["name", "D3"], ["melody_id", 21]]
D, [2015-10-09T10:57:37.240977 #385] DEBUG -- :   [1m[35m (2.8ms)[0m  commit transaction
D, [2015-10-09T10:57:37.241541 #385] DEBUG -- :   [1m[36m (0.1ms)[0m  [1mbegin transaction[0m
D, [2015-10-09T10:57:37.243350 #385] DEBUG -- :   [1m[35mSQL (0.3ms)[0m  INSERT INTO "melodies" ("voice", "line", "chorale_id") VALUES (?, ?, ?)  [["voice", "tenor"], ["line", "G3,A3,G#3,G3,F#3"], ["chorale_id", 6]]
D, [2015-10-09T10:57:37.246406 #385] DEBUG -- :   [1m[36m (2.7ms)[0m  [1mcommit transaction[0m
D, [2015-10-09T10:57:37.259848 #385] DEBUG -- :   [1m[35m (0.1ms)[0m  begin transaction
D, [2015-10-09T10:57:37.261054 #385] DEBUG -- :   [1m[36mSQL (0.2ms)[0m  [1mINSERT INTO "notes" ("name", "melody_id") VALUES (?, ?)[0m  [["name", "G3"], ["melody_id", 22]]
D, [2015-10-09T10:57:37.263900 #385] DEBUG -- :   [1m[35m (2.5ms)[0m  commit transaction
D, [2015-10-09T10:57:37.264338 #385] DEBUG -- :   [1m[36m (0.1ms)[0m  [1mbegin transaction[0m
D, [2015-10-09T10:57:37.265448 #385] DEBUG -- :   [1m[35mSQL (0.2ms)[0m  INSERT INTO "notes" ("name", "melody_id") VALUES (?, ?)  [["name", "A3"], ["melody_id", 22]]
D, [2015-10-09T10:57:37.266743 #385] DEBUG -- :   [1m[36m (1.0ms)[0m  [1mcommit transaction[0m
D, [2015-10-09T10:57:37.266959 #385] DEBUG -- :   [1m[35m (0.1ms)[0m  begin transaction
D, [2015-10-09T10:57:37.268388 #385] DEBUG -- :   [1m[36mSQL (0.2ms)[0m  [1mINSERT INTO "notes" ("name", "melody_id") VALUES (?, ?)[0m  [["name", "G#3"], ["melody_id", 22]]
D, [2015-10-09T10:57:37.273738 #385] DEBUG -- :   [1m[35m (5.0ms)[0m  commit transaction
D, [2015-10-09T10:57:37.273982 #385] DEBUG -- :   [1m[36m (0.1ms)[0m  [1mbegin transaction[0m
D, [2015-10-09T10:57:37.275074 #385] DEBUG -- :   [1m[35mSQL (0.2ms)[0m  INSERT INTO "notes" ("name", "melody_id") VALUES (?, ?)  [["name", "G3"], ["melody_id", 22]]
D, [2015-10-09T10:57:37.277923 #385] DEBUG -- :   [1m[36m (2.6ms)[0m  [1mcommit transaction[0m
D, [2015-10-09T10:57:37.278131 #385] DEBUG -- :   [1m[35m (0.1ms)[0m  begin transaction
D, [2015-10-09T10:57:37.279484 #385] DEBUG -- :   [1m[36mSQL (0.2ms)[0m  [1mINSERT INTO "notes" ("name", "melody_id") VALUES (?, ?)[0m  [["name", "F#3"], ["melody_id", 22]]
D, [2015-10-09T10:57:37.282412 #385] DEBUG -- :   [1m[35m (2.6ms)[0m  commit transaction
D, [2015-10-09T10:57:37.282679 #385] DEBUG -- :   [1m[36m (0.1ms)[0m  [1mbegin transaction[0m
D, [2015-10-09T10:57:37.283904 #385] DEBUG -- :   [1m[35mSQL (0.2ms)[0m  INSERT INTO "melodies" ("voice", "line", "chorale_id") VALUES (?, ?, ?)  [["voice", "alto"], ["line", "E4,D#4,D4,C#4,D4"], ["chorale_id", 6]]
D, [2015-10-09T10:57:37.287066 #385] DEBUG -- :   [1m[36m (2.8ms)[0m  [1mcommit transaction[0m
D, [2015-10-09T10:57:37.287827 #385] DEBUG -- :   [1m[35m (0.1ms)[0m  begin transaction
D, [2015-10-09T10:57:37.288993 #385] DEBUG -- :   [1m[36mSQL (0.2ms)[0m  [1mINSERT INTO "notes" ("name", "melody_id") VALUES (?, ?)[0m  [["name", "E4"], ["melody_id", 23]]
D, [2015-10-09T10:57:37.291955 #385] DEBUG -- :   [1m[35m (2.7ms)[0m  commit transaction
D, [2015-10-09T10:57:37.292232 #385] DEBUG -- :   [1m[36m (0.1ms)[0m  [1mbegin transaction[0m
D, [2015-10-09T10:57:37.293566 #385] DEBUG -- :   [1m[35mSQL (0.3ms)[0m  INSERT INTO "notes" ("name", "melody_id") VALUES (?, ?)  [["name", "D#4"], ["melody_id", 23]]
D, [2015-10-09T10:57:37.296881 #385] DEBUG -- :   [1m[36m (3.0ms)[0m  [1mcommit transaction[0m
D, [2015-10-09T10:57:37.297385 #385] DEBUG -- :   [1m[35m (0.1ms)[0m  begin transaction
D, [2015-10-09T10:57:37.299027 #385] DEBUG -- :   [1m[36mSQL (0.2ms)[0m  [1mINSERT INTO "notes" ("name", "melody_id") VALUES (?, ?)[0m  [["name", "D4"], ["melody_id", 23]]
D, [2015-10-09T10:57:37.301979 #385] DEBUG -- :   [1m[35m (2.6ms)[0m  commit transaction
D, [2015-10-09T10:57:37.302497 #385] DEBUG -- :   [1m[36m (0.1ms)[0m  [1mbegin transaction[0m
D, [2015-10-09T10:57:37.304264 #385] DEBUG -- :   [1m[35mSQL (0.2ms)[0m  INSERT INTO "notes" ("name", "melody_id") VALUES (?, ?)  [["name", "C#4"], ["melody_id", 23]]
D, [2015-10-09T10:57:37.307074 #385] DEBUG -- :   [1m[36m (2.5ms)[0m  [1mcommit transaction[0m
D, [2015-10-09T10:57:37.307292 #385] DEBUG -- :   [1m[35m (0.1ms)[0m  begin transaction
D, [2015-10-09T10:57:37.308431 #385] DEBUG -- :   [1m[36mSQL (0.2ms)[0m  [1mINSERT INTO "notes" ("name", "melody_id") VALUES (?, ?)[0m  [["name", "D4"], ["melody_id", 23]]
D, [2015-10-09T10:57:37.311267 #385] DEBUG -- :   [1m[35m (2.6ms)[0m  commit transaction
D, [2015-10-09T10:57:37.311528 #385] DEBUG -- :   [1m[36m (0.1ms)[0m  [1mbegin transaction[0m
D, [2015-10-09T10:57:37.312727 #385] DEBUG -- :   [1m[35mSQL (0.2ms)[0m  INSERT INTO "melodies" ("voice", "line", "chorale_id") VALUES (?, ?, ?)  [["voice", "soprano"], ["line", "E4,F#4,E4,E4,D4"], ["chorale_id", 6]]
D, [2015-10-09T10:57:37.315439 #385] DEBUG -- :   [1m[36m (2.4ms)[0m  [1mcommit transaction[0m
D, [2015-10-09T10:57:37.316010 #385] DEBUG -- :   [1m[35m (0.1ms)[0m  begin transaction
D, [2015-10-09T10:57:37.317246 #385] DEBUG -- :   [1m[36mSQL (0.3ms)[0m  [1mINSERT INTO "notes" ("name", "melody_id") VALUES (?, ?)[0m  [["name", "E4"], ["melody_id", 24]]
D, [2015-10-09T10:57:37.320379 #385] DEBUG -- :   [1m[35m (2.8ms)[0m  commit transaction
D, [2015-10-09T10:57:37.320640 #385] DEBUG -- :   [1m[36m (0.1ms)[0m  [1mbegin transaction[0m
D, [2015-10-09T10:57:37.321778 #385] DEBUG -- :   [1m[35mSQL (0.2ms)[0m  INSERT INTO "notes" ("name", "melody_id") VALUES (?, ?)  [["name", "F#4"], ["melody_id", 24]]
D, [2015-10-09T10:57:37.324955 #385] DEBUG -- :   [1m[36m (2.9ms)[0m  [1mcommit transaction[0m
D, [2015-10-09T10:57:37.325271 #385] DEBUG -- :   [1m[35m (0.1ms)[0m  begin transaction
D, [2015-10-09T10:57:37.326641 #385] DEBUG -- :   [1m[36mSQL (0.3ms)[0m  [1mINSERT INTO "notes" ("name", "melody_id") VALUES (?, ?)[0m  [["name", "E4"], ["melody_id", 24]]
D, [2015-10-09T10:57:37.329661 #385] DEBUG -- :   [1m[35m (2.7ms)[0m  commit transaction
D, [2015-10-09T10:57:37.329931 #385] DEBUG -- :   [1m[36m (0.1ms)[0m  [1mbegin transaction[0m
D, [2015-10-09T10:57:37.331972 #385] DEBUG -- :   [1m[35mSQL (0.5ms)[0m  INSERT INTO "notes" ("name", "melody_id") VALUES (?, ?)  [["name", "E4"], ["melody_id", 24]]
D, [2015-10-09T10:57:37.335044 #385] DEBUG -- :   [1m[36m (2.7ms)[0m  [1mcommit transaction[0m
D, [2015-10-09T10:57:37.335345 #385] DEBUG -- :   [1m[35m (0.1ms)[0m  begin transaction
D, [2015-10-09T10:57:37.337139 #385] DEBUG -- :   [1m[36mSQL (0.3ms)[0m  [1mINSERT INTO "notes" ("name", "melody_id") VALUES (?, ?)[0m  [["name", "D4"], ["melody_id", 24]]
D, [2015-10-09T10:57:37.339941 #385] DEBUG -- :   [1m[35m (2.5ms)[0m  commit transaction
D, [2015-10-09T10:58:02.020352 #385] DEBUG -- :   [1m[36mSql::User Load (0.1ms)[0m  [1mSELECT  "users".* FROM "users" WHERE "users"."name" = ? LIMIT 1[0m  [["name", "hj"]]
D, [2015-10-09T10:58:17.604747 #385] DEBUG -- :   [1m[35m (0.1ms)[0m  begin transaction
D, [2015-10-09T10:58:17.605818 #385] DEBUG -- :   [1m[36mSql::User Exists (0.1ms)[0m  [1mSELECT  1 AS one FROM "users" WHERE "users"."name" = 'cbbroze' LIMIT 1[0m
D, [2015-10-09T10:58:17.606557 #385] DEBUG -- :   [1m[35m (0.1ms)[0m  rollback transaction
D, [2015-10-09T10:58:17.607290 #385] DEBUG -- :   [1m[36mSql::User Exists (0.1ms)[0m  [1mSELECT  1 AS one FROM "users" WHERE "users"."name" = 'cbbroze' LIMIT 1[0m
D, [2015-10-09T10:58:37.363558 #385] DEBUG -- :   [1m[35m (0.1ms)[0m  begin transaction
D, [2015-10-09T10:58:37.364222 #385] DEBUG -- :   [1m[36mSql::User Exists (0.1ms)[0m  [1mSELECT  1 AS one FROM "users" WHERE "users"."name" = 'recurse' LIMIT 1[0m
D, [2015-10-09T10:58:37.365011 #385] DEBUG -- :   [1m[35mSQL (0.2ms)[0m  INSERT INTO "users" ("name", "password") VALUES (?, ?)  [["name", "recurse"], ["password", "$2a$10$Hea2iCwibAN4fWdQunN3xOI6b5LjjV0Xko7bSt5tyQiUqXdwoM71S"]]
D, [2015-10-09T10:58:37.367733 #385] DEBUG -- :   [1m[36m (2.4ms)[0m  [1mcommit transaction[0m
D, [2015-10-09T10:58:37.380762 #385] DEBUG -- :   [1m[35mSql::User Exists (0.2ms)[0m  SELECT  1 AS one FROM "users" WHERE ("users"."name" = 'recurse' AND "users"."id" != 3) LIMIT 1
D, [2015-10-09T10:58:42.239567 #385] DEBUG -- :   [1m[36mSql::User Load (0.1ms)[0m  [1mSELECT  "users".* FROM "users" WHERE "users"."name" = ? LIMIT 1[0m  [["name", "recurse"]]
D, [2015-10-09T10:58:42.240213 #385] DEBUG -- :   [1m[35m (0.1ms)[0m  begin transaction
D, [2015-10-09T10:58:42.241814 #385] DEBUG -- :   [1m[36mSQL (0.6ms)[0m  [1mINSERT INTO "chorales" ("name", "key", "user_id") VALUES (?, ?, ?)[0m  [["name", "Name me"], ["key", "sharp 0"], ["user_id", 3]]
D, [2015-10-09T10:58:42.244864 #385] DEBUG -- :   [1m[35m (2.7ms)[0m  commit transaction
D, [2015-10-09T10:58:42.246330 #385] DEBUG -- :   [1m[36m (0.1ms)[0m  [1mbegin transaction[0m
D, [2015-10-09T10:58:42.247641 #385] DEBUG -- :   [1m[35mSQL (0.2ms)[0m  INSERT INTO "melodies" ("voice", "line", "chorale_id") VALUES (?, ?, ?)  [["voice", "bass"], ["line", "C3,F2,C3,B2,A2,G2,C3"], ["chorale_id", 7]]
D, [2015-10-09T10:58:42.250592 #385] DEBUG -- :   [1m[36m (2.7ms)[0m  [1mcommit transaction[0m
D, [2015-10-09T10:58:42.251257 #385] DEBUG -- :   [1m[35m (0.1ms)[0m  begin transaction
D, [2015-10-09T10:58:42.252714 #385] DEBUG -- :   [1m[36mSQL (0.3ms)[0m  [1mINSERT INTO "notes" ("name", "melody_id") VALUES (?, ?)[0m  [["name", "C3"], ["melody_id", 25]]
D, [2015-10-09T10:58:42.255412 #385] DEBUG -- :   [1m[35m (2.4ms)[0m  commit transaction
D, [2015-10-09T10:58:42.255663 #385] DEBUG -- :   [1m[36m (0.1ms)[0m  [1mbegin transaction[0m
D, [2015-10-09T10:58:42.256650 #385] DEBUG -- :   [1m[35mSQL (0.2ms)[0m  INSERT INTO "notes" ("name", "melody_id") VALUES (?, ?)  [["name", "F2"], ["melody_id", 25]]
D, [2015-10-09T10:58:42.259624 #385] DEBUG -- :   [1m[36m (2.7ms)[0m  [1mcommit transaction[0m
D, [2015-10-09T10:58:42.259880 #385] DEBUG -- :   [1m[35m (0.1ms)[0m  begin transaction
D, [2015-10-09T10:58:42.261604 #385] DEBUG -- :   [1m[36mSQL (0.4ms)[0m  [1mINSERT INTO "notes" ("name", "melody_id") VALUES (?, ?)[0m  [["name", "C3"], ["melody_id", 25]]
D, [2015-10-09T10:58:42.264692 #385] DEBUG -- :   [1m[35m (2.7ms)[0m  commit transaction
D, [2015-10-09T10:58:42.264915 #385] DEBUG -- :   [1m[36m (0.1ms)[0m  [1mbegin transaction[0m
D, [2015-10-09T10:58:42.265897 #385] DEBUG -- :   [1m[35mSQL (0.2ms)[0m  INSERT INTO "notes" ("name", "melody_id") VALUES (?, ?)  [["name", "B2"], ["melody_id", 25]]
D, [2015-10-09T10:58:42.268749 #385] DEBUG -- :   [1m[36m (2.6ms)[0m  [1mcommit transaction[0m
D, [2015-10-09T10:58:42.269052 #385] DEBUG -- :   [1m[35m (0.1ms)[0m  begin transaction
D, [2015-10-09T10:58:42.270174 #385] DEBUG -- :   [1m[36mSQL (0.2ms)[0m  [1mINSERT INTO "notes" ("name", "melody_id") VALUES (?, ?)[0m  [["name", "A2"], ["melody_id", 25]]
D, [2015-10-09T10:58:42.275805 #385] DEBUG -- :   [1m[35m (5.3ms)[0m  commit transaction
D, [2015-10-09T10:58:42.276202 #385] DEBUG -- :   [1m[36m (0.1ms)[0m  [1mbegin transaction[0m
D, [2015-10-09T10:58:42.278188 #385] DEBUG -- :   [1m[35mSQL (0.3ms)[0m  INSERT INTO "notes" ("name", "melody_id") VALUES (?, ?)  [["name", "G2"], ["melody_id", 25]]
D, [2015-10-09T10:58:42.281291 #385] DEBUG -- :   [1m[36m (2.6ms)[0m  [1mcommit transaction[0m
D, [2015-10-09T10:58:42.281549 #385] DEBUG -- :   [1m[35m (0.1ms)[0m  begin transaction
D, [2015-10-09T10:58:42.283039 #385] DEBUG -- :   [1m[36mSQL (0.2ms)[0m  [1mINSERT INTO "notes" ("name", "melody_id") VALUES (?, ?)[0m  [["name", "C3"], ["melody_id", 25]]
D, [2015-10-09T10:58:42.285924 #385] DEBUG -- :   [1m[35m (2.6ms)[0m  commit transaction
D, [2015-10-09T10:58:42.286232 #385] DEBUG -- :   [1m[36m (0.1ms)[0m  [1mbegin transaction[0m
D, [2015-10-09T10:58:42.287422 #385] DEBUG -- :   [1m[35mSQL (0.2ms)[0m  INSERT INTO "melodies" ("voice", "line", "chorale_id") VALUES (?, ?, ?)  [["voice", "tenor"], ["line", "C4,C4,C4,E4,E4,F4,E4"], ["chorale_id", 7]]
D, [2015-10-09T10:58:42.290170 #385] DEBUG -- :   [1m[36m (2.5ms)[0m  [1mcommit transaction[0m
D, [2015-10-09T10:58:42.290689 #385] DEBUG -- :   [1m[35m (0.1ms)[0m  begin transaction
D, [2015-10-09T10:58:42.291763 #385] DEBUG -- :   [1m[36mSQL (0.2ms)[0m  [1mINSERT INTO "notes" ("name", "melody_id") VALUES (?, ?)[0m  [["name", "C4"], ["melody_id", 26]]
D, [2015-10-09T10:58:42.295014 #385] DEBUG -- :   [1m[35m (2.9ms)[0m  commit transaction
D, [2015-10-09T10:58:42.295574 #385] DEBUG -- :   [1m[36m (0.1ms)[0m  [1mbegin transaction[0m
D, [2015-10-09T10:58:42.298233 #385] DEBUG -- :   [1m[35mSQL (0.5ms)[0m  INSERT INTO "notes" ("name", "melody_id") VALUES (?, ?)  [["name", "C4"], ["melody_id", 26]]
D, [2015-10-09T10:58:42.301254 #385] DEBUG -- :   [1m[36m (2.5ms)[0m  [1mcommit transaction[0m
D, [2015-10-09T10:58:42.301530 #385] DEBUG -- :   [1m[35m (0.1ms)[0m  begin transaction
D, [2015-10-09T10:58:42.302747 #385] DEBUG -- :   [1m[36mSQL (0.2ms)[0m  [1mINSERT INTO "notes" ("name", "melody_id") VALUES (?, ?)[0m  [["name", "C4"], ["melody_id", 26]]
D, [2015-10-09T10:58:42.308391 #385] DEBUG -- :   [1m[35m (5.3ms)[0m  commit transaction
D, [2015-10-09T10:58:42.308837 #385] DEBUG -- :   [1m[36m (0.1ms)[0m  [1mbegin transaction[0m
D, [2015-10-09T10:58:42.311894 #385] DEBUG -- :   [1m[35mSQL (0.8ms)[0m  INSERT INTO "notes" ("name", "melody_id") VALUES (?, ?)  [["name", "E4"], ["melody_id", 26]]
D, [2015-10-09T10:58:42.315307 #385] DEBUG -- :   [1m[36m (2.8ms)[0m  [1mcommit transaction[0m
D, [2015-10-09T10:58:42.315696 #385] DEBUG -- :   [1m[35m (0.1ms)[0m  begin transaction
D, [2015-10-09T10:58:42.317532 #385] DEBUG -- :   [1m[36mSQL (0.4ms)[0m  [1mINSERT INTO "notes" ("name", "melody_id") VALUES (?, ?)[0m  [["name", "E4"], ["melody_id", 26]]
D, [2015-10-09T10:58:42.320854 #385] DEBUG -- :   [1m[35m (2.9ms)[0m  commit transaction
D, [2015-10-09T10:58:42.321249 #385] DEBUG -- :   [1m[36m (0.1ms)[0m  [1mbegin transaction[0m
D, [2015-10-09T10:58:42.323033 #385] DEBUG -- :   [1m[35mSQL (0.3ms)[0m  INSERT INTO "notes" ("name", "melody_id") VALUES (?, ?)  [["name", "F4"], ["melody_id", 26]]
D, [2015-10-09T10:58:42.326468 #385] DEBUG -- :   [1m[36m (3.0ms)[0m  [1mcommit transaction[0m
D, [2015-10-09T10:58:42.326824 #385] DEBUG -- :   [1m[35m (0.1ms)[0m  begin transaction
D, [2015-10-09T10:58:42.329064 #385] DEBUG -- :   [1m[36mSQL (0.5ms)[0m  [1mINSERT INTO "notes" ("name", "melody_id") VALUES (?, ?)[0m  [["name", "E4"], ["melody_id", 26]]
D, [2015-10-09T10:58:42.332428 #385] DEBUG -- :   [1m[35m (2.7ms)[0m  commit transaction
D, [2015-10-09T10:58:42.332802 #385] DEBUG -- :   [1m[36m (0.1ms)[0m  [1mbegin transaction[0m
D, [2015-10-09T10:58:42.334254 #385] DEBUG -- :   [1m[35mSQL (0.2ms)[0m  INSERT INTO "melodies" ("voice", "line", "chorale_id") VALUES (?, ?, ?)  [["voice", "alto"], ["line", "G4,A4,A4,G#4,A4,B4,G4"], ["chorale_id", 7]]
D, [2015-10-09T10:58:42.337395 #385] DEBUG -- :   [1m[36m (2.8ms)[0m  [1mcommit transaction[0m
D, [2015-10-09T10:58:42.338130 #385] DEBUG -- :   [1m[35m (0.1ms)[0m  begin transaction
D, [2015-10-09T10:58:42.339555 #385] DEBUG -- :   [1m[36mSQL (0.2ms)[0m  [1mINSERT INTO "notes" ("name", "melody_id") VALUES (?, ?)[0m  [["name", "G4"], ["melody_id", 27]]
D, [2015-10-09T10:58:42.342748 #385] DEBUG -- :   [1m[35m (2.9ms)[0m  commit transaction
D, [2015-10-09T10:58:42.343106 #385] DEBUG -- :   [1m[36m (0.1ms)[0m  [1mbegin transaction[0m
D, [2015-10-09T10:58:42.344505 #385] DEBUG -- :   [1m[35mSQL (0.3ms)[0m  INSERT INTO "notes" ("name", "melody_id") VALUES (?, ?)  [["name", "A4"], ["melody_id", 27]]
D, [2015-10-09T10:58:42.347446 #385] DEBUG -- :   [1m[36m (2.6ms)[0m  [1mcommit transaction[0m
D, [2015-10-09T10:58:42.347714 #385] DEBUG -- :   [1m[35m (0.1ms)[0m  begin transaction
D, [2015-10-09T10:58:42.348911 #385] DEBUG -- :   [1m[36mSQL (0.2ms)[0m  [1mINSERT INTO "notes" ("name", "melody_id") VALUES (?, ?)[0m  [["name", "A4"], ["melody_id", 27]]
D, [2015-10-09T10:58:42.351760 #385] DEBUG -- :   [1m[35m (2.6ms)[0m  commit transaction
D, [2015-10-09T10:58:42.351983 #385] DEBUG -- :   [1m[36m (0.1ms)[0m  [1mbegin transaction[0m
D, [2015-10-09T10:58:42.352955 #385] DEBUG -- :   [1m[35mSQL (0.2ms)[0m  INSERT INTO "notes" ("name", "melody_id") VALUES (?, ?)  [["name", "G#4"], ["melody_id", 27]]
D, [2015-10-09T10:58:42.355563 #385] DEBUG -- :   [1m[36m (2.4ms)[0m  [1mcommit transaction[0m
D, [2015-10-09T10:58:42.355808 #385] DEBUG -- :   [1m[35m (0.1ms)[0m  begin transaction
D, [2015-10-09T10:58:42.356907 #385] DEBUG -- :   [1m[36mSQL (0.2ms)[0m  [1mINSERT INTO "notes" ("name", "melody_id") VALUES (?, ?)[0m  [["name", "A4"], ["melody_id", 27]]
D, [2015-10-09T10:58:42.360321 #385] DEBUG -- :   [1m[35m (3.1ms)[0m  commit transaction
D, [2015-10-09T10:58:42.360716 #385] DEBUG -- :   [1m[36m (0.1ms)[0m  [1mbegin transaction[0m
D, [2015-10-09T10:58:42.362553 #385] DEBUG -- :   [1m[35mSQL (0.3ms)[0m  INSERT INTO "notes" ("name", "melody_id") VALUES (?, ?)  [["name", "B4"], ["melody_id", 27]]
D, [2015-10-09T10:58:42.365419 #385] DEBUG -- :   [1m[36m (2.5ms)[0m  [1mcommit transaction[0m
D, [2015-10-09T10:58:42.365644 #385] DEBUG -- :   [1m[35m (0.1ms)[0m  begin transaction
D, [2015-10-09T10:58:42.367082 #385] DEBUG -- :   [1m[36mSQL (0.2ms)[0m  [1mINSERT INTO "notes" ("name", "melody_id") VALUES (?, ?)[0m  [["name", "G4"], ["melody_id", 27]]
D, [2015-10-09T10:58:42.370073 #385] DEBUG -- :   [1m[35m (2.7ms)[0m  commit transaction
D, [2015-10-09T10:58:42.370346 #385] DEBUG -- :   [1m[36m (0.1ms)[0m  [1mbegin transaction[0m
D, [2015-10-09T10:58:42.371528 #385] DEBUG -- :   [1m[35mSQL (0.2ms)[0m  INSERT INTO "melodies" ("voice", "line", "chorale_id") VALUES (?, ?, ?)  [["voice", "soprano"], ["line", "E5,F5,E5,D5,C5,D5,C5"], ["chorale_id", 7]]
D, [2015-10-09T10:58:42.374745 #385] DEBUG -- :   [1m[36m (2.9ms)[0m  [1mcommit transaction[0m
D, [2015-10-09T10:58:42.375259 #385] DEBUG -- :   [1m[35m (0.1ms)[0m  begin transaction
D, [2015-10-09T10:58:42.388058 #385] DEBUG -- :   [1m[36mSQL (11.9ms)[0m  [1mINSERT INTO "notes" ("name", "melody_id") VALUES (?, ?)[0m  [["name", "E5"], ["melody_id", 28]]
D, [2015-10-09T10:58:42.391005 #385] DEBUG -- :   [1m[35m (2.5ms)[0m  commit transaction
D, [2015-10-09T10:58:42.391286 #385] DEBUG -- :   [1m[36m (0.1ms)[0m  [1mbegin transaction[0m
D, [2015-10-09T10:58:42.392328 #385] DEBUG -- :   [1m[35mSQL (0.2ms)[0m  INSERT INTO "notes" ("name", "melody_id") VALUES (?, ?)  [["name", "F5"], ["melody_id", 28]]
D, [2015-10-09T10:58:42.395266 #385] DEBUG -- :   [1m[36m (2.7ms)[0m  [1mcommit transaction[0m
D, [2015-10-09T10:58:42.395745 #385] DEBUG -- :   [1m[35m (0.1ms)[0m  begin transaction
D, [2015-10-09T10:58:42.396993 #385] DEBUG -- :   [1m[36mSQL (0.2ms)[0m  [1mINSERT INTO "notes" ("name", "melody_id") VALUES (?, ?)[0m  [["name", "E5"], ["melody_id", 28]]
D, [2015-10-09T10:58:42.399899 #385] DEBUG -- :   [1m[35m (2.6ms)[0m  commit transaction
D, [2015-10-09T10:58:42.400181 #385] DEBUG -- :   [1m[36m (0.1ms)[0m  [1mbegin transaction[0m
D, [2015-10-09T10:58:42.401415 #385] DEBUG -- :   [1m[35mSQL (0.2ms)[0m  INSERT INTO "notes" ("name", "melody_id") VALUES (?, ?)  [["name", "D5"], ["melody_id", 28]]
D, [2015-10-09T10:58:42.404679 #385] DEBUG -- :   [1m[36m (2.9ms)[0m  [1mcommit transaction[0m
D, [2015-10-09T10:58:42.404903 #385] DEBUG -- :   [1m[35m (0.1ms)[0m  begin transaction
D, [2015-10-09T10:58:42.405980 #385] DEBUG -- :   [1m[36mSQL (0.2ms)[0m  [1mINSERT INTO "notes" ("name", "melody_id") VALUES (?, ?)[0m  [["name", "C5"], ["melody_id", 28]]
D, [2015-10-09T10:58:42.409415 #385] DEBUG -- :   [1m[35m (3.1ms)[0m  commit transaction
D, [2015-10-09T10:58:42.409786 #385] DEBUG -- :   [1m[36m (0.1ms)[0m  [1mbegin transaction[0m
D, [2015-10-09T10:58:42.411506 #385] DEBUG -- :   [1m[35mSQL (0.4ms)[0m  INSERT INTO "notes" ("name", "melody_id") VALUES (?, ?)  [["name", "D5"], ["melody_id", 28]]
D, [2015-10-09T10:58:42.414525 #385] DEBUG -- :   [1m[36m (2.6ms)[0m  [1mcommit transaction[0m
D, [2015-10-09T10:58:42.414795 #385] DEBUG -- :   [1m[35m (0.1ms)[0m  begin transaction
D, [2015-10-09T10:58:42.416383 #385] DEBUG -- :   [1m[36mSQL (0.3ms)[0m  [1mINSERT INTO "notes" ("name", "melody_id") VALUES (?, ?)[0m  [["name", "C5"], ["melody_id", 28]]
D, [2015-10-09T10:58:42.419481 #385] DEBUG -- :   [1m[35m (2.7ms)[0m  commit transaction
D, [2015-10-09T10:58:44.257642 #385] DEBUG -- :   [1m[36mSql::User Load (0.2ms)[0m  [1mSELECT  "users".* FROM "users" WHERE "users"."name" = ? LIMIT 1[0m  [["name", "recurse"]]
D, [2015-10-09T10:58:44.265017 #385] DEBUG -- :   [1m[35mSql::Chorale Load (0.3ms)[0m  SELECT "chorales".* FROM "chorales" WHERE "chorales"."user_id" = ?  [["user_id", 3]]
D, [2015-10-09T10:58:44.267151 #385] DEBUG -- :   [1m[36mSql::Melody Load (0.2ms)[0m  [1mSELECT "melodies".* FROM "melodies" WHERE "melodies"."chorale_id" = ?[0m  [["chorale_id", 7]]
D, [2015-10-09T10:58:44.268776 #385] DEBUG -- :   [1m[35mSql::Note Load (0.2ms)[0m  SELECT "notes".* FROM "notes" WHERE "notes"."melody_id" = ?  [["melody_id", 25]]
